Determining if the pthread_create exist failed with the following output:
Change Dir: /home/offworld/Desktop/homeservice/catkin_ws/build/CMakeFiles/CMakeTmp

Run Build Command:"/usr/bin/make" "cmTC_e22ef/fast"
/usr/bin/make -f CMakeFiles/cmTC_e22ef.dir/build.make CMakeFiles/cmTC_e22ef.dir/build
make[1]: Entering directory '/home/offworld/Desktop/homeservice/catkin_ws/build/CMakeFiles/CMakeTmp'
Building C object CMakeFiles/cmTC_e22ef.dir/CheckSymbolExists.c.o
/usr/bin/cc     -o CMakeFiles/cmTC_e22ef.dir/CheckSymbolExists.c.o   -c /home/offworld/Desktop/homeservice/catkin_ws/build/CMakeFiles/CMakeTmp/CheckSymbolExists.c
Linking C executable cmTC_e22ef
/usr/bin/cmake -E cmake_link_script CMakeFiles/cmTC_e22ef.dir/link.txt --verbose=1
/usr/bin/cc       CMakeFiles/cmTC_e22ef.dir/CheckSymbolExists.c.o  -o cmTC_e22ef -rdynamic 
CMakeFiles/cmTC_e22ef.dir/CheckSymbolExists.c.o: In function `main':
CheckSymbolExists.c:(.text+0x16): undefined reference to `pthread_create'
collect2: error: ld returned 1 exit status
CMakeFiles/cmTC_e22ef.dir/build.make:97: recipe for target 'cmTC_e22ef' failed
make[1]: *** [cmTC_e22ef] Error 1
make[1]: Leaving directory '/home/offworld/Desktop/homeservice/catkin_ws/build/CMakeFiles/CMakeTmp'
Makefile:126: recipe for target 'cmTC_e22ef/fast' failed
make: *** [cmTC_e22ef/fast] Error 2

File /home/offworld/Desktop/homeservice/catkin_ws/build/CMakeFiles/CMakeTmp/CheckSymbolExists.c:
/* */
#include <pthread.h>

int main(int argc, char** argv)
{
  (void)argv;
#ifndef pthread_create
  return ((int*)(&pthread_create))[argc];
#else
  (void)argc;
  return 0;
#endif
}

Determining if the function pthread_create exists in the pthreads failed with the following output:
Change Dir: /home/offworld/Desktop/homeservice/catkin_ws/build/CMakeFiles/CMakeTmp

Run Build Command:"/usr/bin/make" "cmTC_35006/fast"
/usr/bin/make -f CMakeFiles/cmTC_35006.dir/build.make CMakeFiles/cmTC_35006.dir/build
make[1]: Entering directory '/home/offworld/Desktop/homeservice/catkin_ws/build/CMakeFiles/CMakeTmp'
Building C object CMakeFiles/cmTC_35006.dir/CheckFunctionExists.c.o
/usr/bin/cc    -DCHECK_FUNCTION_EXISTS=pthread_create   -o CMakeFiles/cmTC_35006.dir/CheckFunctionExists.c.o   -c /usr/share/cmake-3.5/Modules/CheckFunctionExists.c
Linking C executable cmTC_35006
/usr/bin/cmake -E cmake_link_script CMakeFiles/cmTC_35006.dir/link.txt --verbose=1
/usr/bin/cc   -DCHECK_FUNCTION_EXISTS=pthread_create    CMakeFiles/cmTC_35006.dir/CheckFunctionExists.c.o  -o cmTC_35006 -rdynamic -lpthreads 
/usr/bin/ld: cannot find -lpthreads
collect2: error: ld returned 1 exit status
CMakeFiles/cmTC_35006.dir/build.make:97: recipe for target 'cmTC_35006' failed
make[1]: *** [cmTC_35006] Error 1
make[1]: Leaving directory '/home/offworld/Desktop/homeservice/catkin_ws/build/CMakeFiles/CMakeTmp'
Makefile:126: recipe for target 'cmTC_35006/fast' failed
make: *** [cmTC_35006/fast] Error 2


